Using pre-set license
Built from '2021.3/staging' branch; Version is '2021.3.14f1 (eee1884e7226) revision 15655304'; Using compiler version '192829333'; Build Type 'Release'
OS: 'Windows 10  (10.0.19045) 64bit Professional' Language: 'ko' Physical Memory: 32590 MB
BatchMode: 1, IsHumanControllingUs: 0, StartBugReporterOnCrash: 0, Is64bit: 1, IsPro: 1

COMMAND LINE ARGUMENTS:
E:\2021.3.14f1\Editor\Unity.exe
-adb2
-batchMode
-noUpm
-name
AssetImportWorker1
-projectPath
C:/Users/INDIGO-2020-11/Desktop/git/CMS-SystemFinish/CMS SYSTEM
-logFile
Logs/AssetImportWorker1.log
-srvPort
50580
Successfully changed project path to: C:/Users/INDIGO-2020-11/Desktop/git/CMS-SystemFinish/CMS SYSTEM
C:/Users/INDIGO-2020-11/Desktop/git/CMS-SystemFinish/CMS SYSTEM
[UnityMemory] Configuration Parameters - Can be set up in boot.config
    "memorysetup-bucket-allocator-granularity=16"
    "memorysetup-bucket-allocator-bucket-count=8"
    "memorysetup-bucket-allocator-block-size=33554432"
    "memorysetup-bucket-allocator-block-count=8"
    "memorysetup-main-allocator-block-size=16777216"
    "memorysetup-thread-allocator-block-size=16777216"
    "memorysetup-gfx-main-allocator-block-size=16777216"
    "memorysetup-gfx-thread-allocator-block-size=16777216"
    "memorysetup-cache-allocator-block-size=4194304"
    "memorysetup-typetree-allocator-block-size=2097152"
    "memorysetup-profiler-bucket-allocator-granularity=16"
    "memorysetup-profiler-bucket-allocator-bucket-count=8"
    "memorysetup-profiler-bucket-allocator-block-size=33554432"
    "memorysetup-profiler-bucket-allocator-block-count=8"
    "memorysetup-profiler-allocator-block-size=16777216"
    "memorysetup-profiler-editor-allocator-block-size=1048576"
    "memorysetup-temp-allocator-size-main=16777216"
    "memorysetup-job-temp-allocator-block-size=2097152"
    "memorysetup-job-temp-allocator-block-size-background=1048576"
    "memorysetup-job-temp-allocator-reduction-small-platforms=262144"
    "memorysetup-temp-allocator-size-background-worker=32768"
    "memorysetup-temp-allocator-size-job-worker=262144"
    "memorysetup-temp-allocator-size-preload-manager=33554432"
    "memorysetup-temp-allocator-size-nav-mesh-worker=65536"
    "memorysetup-temp-allocator-size-audio-worker=65536"
    "memorysetup-temp-allocator-size-cloud-worker=32768"
    "memorysetup-temp-allocator-size-gi-baking-worker=262144"
    "memorysetup-temp-allocator-size-gfx=262144"
Refreshing native plugins compatible for Editor in 77.96 ms, found 4 plugins.
Preloading 0 native plugins for Editor in 0.00 ms.
Initialize engine version: 2021.3.14f1 (eee1884e7226)
[Subsystems] Discovering subsystems at path E:/2021.3.14f1/Editor/Data/Resources/UnitySubsystems
[Subsystems] Discovering subsystems at path C:/Users/INDIGO-2020-11/Desktop/git/CMS-SystemFinish/CMS SYSTEM/Assets
GfxDevice: creating device client; threaded=0; jobified=0
Direct3D:
    Version:  Direct3D 11.0 [level 11.1]
    Renderer: NVIDIA GeForce GTX 1080 (ID=0x1b80)
    Vendor:   NVIDIA
    VRAM:     8079 MB
    Driver:   31.0.15.1694
Initialize mono
Mono path[0] = 'E:/2021.3.14f1/Editor/Data/Managed'
Mono path[1] = 'E:/2021.3.14f1/Editor/Data/MonoBleedingEdge/lib/mono/unityjit-win32'
Mono config path = 'E:/2021.3.14f1/Editor/Data/MonoBleedingEdge/etc'
Using monoOptions --debugger-agent=transport=dt_socket,embedding=1,server=y,suspend=n,address=127.0.0.1:56336
Begin MonoManager ReloadAssembly
Registering precompiled unity dll's ...
Register platform support module: E:/2021.3.14f1/Editor/Data/PlaybackEngines/AndroidPlayer/UnityEditor.Android.Extensions.dll
Register platform support module: E:/2021.3.14f1/Editor/Data/PlaybackEngines/WindowsStandaloneSupport/UnityEditor.WindowsStandalone.Extensions.dll
Registered in 0.002281 seconds.
Native extension for WindowsStandalone target not found
Native extension for Android target not found
Refreshing native plugins compatible for Editor in 71.56 ms, found 4 plugins.
Preloading 0 native plugins for Editor in 0.00 ms.
Mono: successfully reloaded assembly
- Completed reload, in  0.578 seconds
Domain Reload Profiling:
	ReloadAssembly (579ms)
		BeginReloadAssembly (64ms)
			ExecutionOrderSort (0ms)
			DisableScriptedObjects (0ms)
			BackupInstance (0ms)
			ReleaseScriptingObjects (0ms)
			CreateAndSetChildDomain (1ms)
		EndReloadAssembly (424ms)
			LoadAssemblies (64ms)
			RebuildTransferFunctionScriptingTraits (0ms)
			SetupTypeCache (89ms)
			ReleaseScriptCaches (0ms)
			RebuildScriptCaches (24ms)
			SetupLoadedEditorAssemblies (271ms)
				LogAssemblyErrors (0ms)
				InitializePlatformSupportModulesInManaged (44ms)
				SetLoadedEditorAssemblies (0ms)
				RefreshPlugins (72ms)
				BeforeProcessingInitializeOnLoad (1ms)
				ProcessInitializeOnLoadAttributes (97ms)
				ProcessInitializeOnLoadMethodAttributes (56ms)
				AfterProcessingInitializeOnLoad (0ms)
				EditorAssembliesLoaded (0ms)
			ExecutionOrderSort2 (0ms)
			AwakeInstancesAfterBackupRestoration (0ms)
Platform modules already initialized, skipping
Registering precompiled user dll's ...
Registered in 0.006522 seconds.
Begin MonoManager ReloadAssembly
Symbol file LoadedFromMemory doesn't match image C:\Users\INDIGO-2020-11\Desktop\git\CMS-SystemFinish\CMS SYSTEM\Library\PackageCache\com.unity.visualscripting@1.7.8\Editor\VisualScripting.Core\Dependencies\YamlDotNet\Unity.VisualScripting.YamlDotNet.dll
Symbol file LoadedFromMemory doesn't match image C:\Users\INDIGO-2020-11\Desktop\git\CMS-SystemFinish\CMS SYSTEM\Library\PackageCache\com.unity.visualscripting@1.7.8\Editor\VisualScripting.Core\Dependencies\DotNetZip\Unity.VisualScripting.IonicZip.dll
Native extension for WindowsStandalone target not found
Native extension for Android target not found
Refreshing native plugins compatible for Editor in 0.44 ms, found 4 plugins.
Preloading 0 native plugins for Editor in 0.00 ms.
Mono: successfully reloaded assembly
- Completed reload, in  0.992 seconds
Domain Reload Profiling:
	ReloadAssembly (993ms)
		BeginReloadAssembly (215ms)
			ExecutionOrderSort (0ms)
			DisableScriptedObjects (5ms)
			BackupInstance (0ms)
			ReleaseScriptingObjects (0ms)
			CreateAndSetChildDomain (130ms)
		EndReloadAssembly (685ms)
			LoadAssemblies (76ms)
			RebuildTransferFunctionScriptingTraits (0ms)
			SetupTypeCache (245ms)
			ReleaseScriptCaches (1ms)
			RebuildScriptCaches (44ms)
			SetupLoadedEditorAssemblies (290ms)
				LogAssemblyErrors (0ms)
				InitializePlatformSupportModulesInManaged (10ms)
				SetLoadedEditorAssemblies (0ms)
				RefreshPlugins (0ms)
				BeforeProcessingInitializeOnLoad (75ms)
				ProcessInitializeOnLoadAttributes (181ms)
				ProcessInitializeOnLoadMethodAttributes (20ms)
				AfterProcessingInitializeOnLoad (2ms)
				EditorAssembliesLoaded (0ms)
			ExecutionOrderSort2 (0ms)
			AwakeInstancesAfterBackupRestoration (10ms)
Platform modules already initialized, skipping
========================================================================
Worker process is ready to serve import requests
Launched and connected shader compiler UnityShaderCompiler.exe after 0.04 seconds
Refreshing native plugins compatible for Editor in 0.53 ms, found 4 plugins.
Preloading 0 native plugins for Editor in 0.00 ms.
Unloading 3416 Unused Serialized files (Serialized files now loaded: 0)
Unloading 28 unused Assets / (113.4 KB). Loaded Objects now: 3875.
Memory consumption went from 121.9 MB to 121.8 MB.
Total: 2.592400 ms (FindLiveObjects: 0.249800 ms CreateObjectMapping: 0.207800 ms MarkObjects: 2.053000 ms  DeleteObjects: 0.080800 ms)

AssetImportParameters requested are different than current active one (requested -> active):
  custom:video-decoder-ogg-theora: a1e56fd34408186e4bbccfd4996cb3dc -> 
  custom:container-muxer-webm: aa71ff27fc2769a1b78a27578f13a17b -> 
  custom:container-demuxer-webm: 4f35f7cbe854078d1ac9338744f61a02 -> 
  custom:video-encoder-webm-vp8: eb34c28f22e8b96e1ab97ce403110664 -> 
  custom:audio-encoder-webm-vorbis: bf7c407c2cedff20999df2af8eb42d56 -> 
  custom:framework-win-MediaFoundation: 216162199b28c13a410421893ffa2e32 -> 
  custom:container-demuxer-ogg: 62fdf1f143b41e24485cea50d1cbac27 -> 
  custom:video-decoder-webm-vp8: 9c59270c3fd7afecdb556c50c9e8de78 -> 
  custom:audio-decoder-ogg-vorbis: bf7c407c2cedff20999df2af8eb42d56 -> 
========================================================================
Received Import Request.
  Time since last request: 3451.701284 seconds.
  path: Assets/IndigoTemplete
  artifactKey: Guid(31341bb6cb81814478de4ad0234761a6) Importer(815301076,1909f56bfc062723c751e8b465ee728b)
Start importing Assets/IndigoTemplete using Guid(31341bb6cb81814478de4ad0234761a6) Importer(815301076,1909f56bfc062723c751e8b465ee728b)  -> (artifact id: '46e9d3c188f707c32552bb632ddc0b9e') in 0.008740 seconds 
========================================================================
Received Import Request.
  Time since last request: 21.522382 seconds.
  path: Assets/IndigoTemplete/UI/Button_Icon_Dropdown.png
  artifactKey: Guid(7077843dadbe54b4d81f56b80495c71e) Importer(815301076,1909f56bfc062723c751e8b465ee728b)
Start importing Assets/IndigoTemplete/UI/Button_Icon_Dropdown.png using Guid(7077843dadbe54b4d81f56b80495c71e) Importer(815301076,1909f56bfc062723c751e8b465ee728b)  -> (artifact id: '31eb6048ce6e166bf2942f4a532f8d61') in 0.114605 seconds 
========================================================================
Received Import Request.
  Time since last request: 0.000138 seconds.
  path: Assets/IndigoTemplete/UI/Line_640_6px.png
  artifactKey: Guid(759af558703c8e443ac3a5963bf4a4b5) Importer(815301076,1909f56bfc062723c751e8b465ee728b)
Start importing Assets/IndigoTemplete/UI/Line_640_6px.png using Guid(759af558703c8e443ac3a5963bf4a4b5) Importer(815301076,1909f56bfc062723c751e8b465ee728b)  -> (artifact id: 'f828ee67da66492500c1699dec037e6a') in 0.014799 seconds 
========================================================================
Received Import Request.
  Time since last request: 0.000052 seconds.
  path: Assets/IndigoTemplete/UI/Window_120px.png
  artifactKey: Guid(fbce78686be6e8a488fc7fab2ca1b397) Importer(815301076,1909f56bfc062723c751e8b465ee728b)
Start importing Assets/IndigoTemplete/UI/Window_120px.png using Guid(fbce78686be6e8a488fc7fab2ca1b397) Importer(815301076,1909f56bfc062723c751e8b465ee728b)  -> (artifact id: '42347c6287aac41af1607a105ab68272') in 0.021873 seconds 
========================================================================
Received Import Request.
  Time since last request: 0.000056 seconds.
  path: Assets/IndigoTemplete/UI/Tap_On.png
  artifactKey: Guid(d0ae9136aa2a53a44aabecafd74be60a) Importer(815301076,1909f56bfc062723c751e8b465ee728b)
Start importing Assets/IndigoTemplete/UI/Tap_On.png using Guid(d0ae9136aa2a53a44aabecafd74be60a) Importer(815301076,1909f56bfc062723c751e8b465ee728b)  -> (artifact id: '5355261c125fbcdbcba50aa0171c88fb') in 0.018938 seconds 
========================================================================
Received Import Request.
  Time since last request: 0.000049 seconds.
  path: Assets/IndigoTemplete/UI/Line_2000_2px.png
  artifactKey: Guid(a4dbac1ae3f1b0942ad938fd5a5bc0e2) Importer(815301076,1909f56bfc062723c751e8b465ee728b)
Start importing Assets/IndigoTemplete/UI/Line_2000_2px.png using Guid(a4dbac1ae3f1b0942ad938fd5a5bc0e2) Importer(815301076,1909f56bfc062723c751e8b465ee728b)  -> (artifact id: '371740da3631f1c87521f2856f76213a') in 0.016858 seconds 
========================================================================
Received Import Request.
  Time since last request: 0.000053 seconds.
  path: Assets/IndigoTemplete/UI/RoundedRectangle_Green_42px.png
  artifactKey: Guid(d83c359cb9f04df46b40275a2fe2d8b7) Importer(815301076,1909f56bfc062723c751e8b465ee728b)
Start importing Assets/IndigoTemplete/UI/RoundedRectangle_Green_42px.png using Guid(d83c359cb9f04df46b40275a2fe2d8b7) Importer(815301076,1909f56bfc062723c751e8b465ee728b)  -> (artifact id: 'c985fba5b0b7b398938a4935dc399dfb') in 0.018781 seconds 
========================================================================
Received Import Request.
  Time since last request: 0.000024 seconds.
  path: Assets/IndigoTemplete/UI/Line_1654_2px.png
  artifactKey: Guid(bf6c165b6fca1f548887e8225fa9fc02) Importer(815301076,1909f56bfc062723c751e8b465ee728b)
Start importing Assets/IndigoTemplete/UI/Line_1654_2px.png using Guid(bf6c165b6fca1f548887e8225fa9fc02) Importer(815301076,1909f56bfc062723c751e8b465ee728b)  -> (artifact id: 'e26756dfb4abecbf0c787fd6facbd7fa') in 0.018011 seconds 
========================================================================
Received Import Request.
  Time since last request: 0.000048 seconds.
  path: Assets/IndigoTemplete/UI/Lock_Icon_Off.png
  artifactKey: Guid(10b8c4b41adb0ac4da909aa0dae9c1ad) Importer(815301076,1909f56bfc062723c751e8b465ee728b)
Start importing Assets/IndigoTemplete/UI/Lock_Icon_Off.png using Guid(10b8c4b41adb0ac4da909aa0dae9c1ad) Importer(815301076,1909f56bfc062723c751e8b465ee728b)  -> (artifact id: '84acfb4712d8d7485fa7afdfb5cc1410') in 0.019498 seconds 
========================================================================
Received Import Request.
  Time since last request: 0.000068 seconds.
  path: Assets/IndigoTemplete/UI/Tap_White.png
  artifactKey: Guid(6044deaaabd81c8468535e440678f773) Importer(815301076,1909f56bfc062723c751e8b465ee728b)
Start importing Assets/IndigoTemplete/UI/Tap_White.png using Guid(6044deaaabd81c8468535e440678f773) Importer(815301076,1909f56bfc062723c751e8b465ee728b)  -> (artifact id: 'a615bb32a692a89ffc4c9e7e8c915c43') in 0.017060 seconds 
========================================================================
Received Import Request.
  Time since last request: 0.000030 seconds.
  path: Assets/IndigoTemplete/UI/Dropdown_Box_640_720px.png
  artifactKey: Guid(2245a60068de1c9419413fcb4001af6c) Importer(815301076,1909f56bfc062723c751e8b465ee728b)
Start importing Assets/IndigoTemplete/UI/Dropdown_Box_640_720px.png using Guid(2245a60068de1c9419413fcb4001af6c) Importer(815301076,1909f56bfc062723c751e8b465ee728b)  -> (artifact id: '46ef4d5a29bbb4671534c560e60c6734') in 0.049187 seconds 
========================================================================
Received Import Request.
  Time since last request: 0.000119 seconds.
  path: Assets/IndigoTemplete/UI/RoundedRectangle_Red_42px.png
  artifactKey: Guid(447268cc976584342adc0dfc442c1f30) Importer(815301076,1909f56bfc062723c751e8b465ee728b)
Start importing Assets/IndigoTemplete/UI/RoundedRectangle_Red_42px.png using Guid(447268cc976584342adc0dfc442c1f30) Importer(815301076,1909f56bfc062723c751e8b465ee728b)  -> (artifact id: '03fd4b52f4cf5600a34e87a519d0f93f') in 0.016860 seconds 
========================================================================
Received Import Request.
  Time since last request: 0.000047 seconds.
  path: Assets/IndigoTemplete/UI/Window_1280_480px.png
  artifactKey: Guid(6955526aafae52241b6b31a7f40fc536) Importer(815301076,1909f56bfc062723c751e8b465ee728b)
Start importing Assets/IndigoTemplete/UI/Window_1280_480px.png using Guid(6955526aafae52241b6b31a7f40fc536) Importer(815301076,1909f56bfc062723c751e8b465ee728b)  -> (artifact id: 'b3119826a94581489068c99645063b6a') in 0.042933 seconds 
========================================================================
Received Import Request.
  Time since last request: 0.000016 seconds.
  path: Assets/IndigoTemplete/UI/RoundedRectangle_Blue_42px.png
  artifactKey: Guid(51be713937af43d4cbcefad99981211d) Importer(815301076,1909f56bfc062723c751e8b465ee728b)
Start importing Assets/IndigoTemplete/UI/RoundedRectangle_Blue_42px.png using Guid(51be713937af43d4cbcefad99981211d) Importer(815301076,1909f56bfc062723c751e8b465ee728b)  -> (artifact id: '654bfa4c45ad091ab473bba3b08a2ab7') in 0.009354 seconds 
Editor requested this worker to shutdown with reason: Scaling down because of idle timeout
AssetImportWorker is now disconnected from the server
Process exiting
Exiting without the bug reporter. Application will terminate with return code 0